{"E:\\Projeto\\NexTraceFinal\\src\\components\\AlertsTable.jsx": {"path":"E:\\Projeto\\NexTraceFinal\\src\\components\\AlertsTable.jsx","statementMap":{"0":{"start":{"line":1,"column":24},"end":{"line":1,"column":null}},"1":{"start":{"line":2,"column":17},"end":{"line":5,"column":null}},"2":{"start":{"line":20,"column":12},"end":{"line":20,"column":null}}},"fnMap":{"0":{"name":"AlertsTable","decl":{"start":{"line":1,"column":24},"end":{"line":1,"column":null}},"loc":{"start":{"line":1,"column":24},"end":{"line":30,"column":null}}},"1":{"name":"(anonymous_2)","decl":{"start":{"line":19,"column":22},"end":{"line":19,"column":23}},"loc":{"start":{"line":20,"column":12},"end":{"line":20,"column":null}}}},"branchMap":{},"s":{"0":2,"1":2,"2":4},"f":{"0":2,"1":4},"b":{}}
,"E:\\Projeto\\NexTraceFinal\\src\\components\\Chart.jsx": {"path":"E:\\Projeto\\NexTraceFinal\\src\\components\\Chart.jsx","statementMap":{"0":{"start":{"line":52,"column":24},"end":{"line":52,"column":null}},"1":{"start":{"line":1,"column":21},"end":{"line":1,"column":null}},"2":{"start":{"line":10,"column":7},"end":{"line":10,"column":null}},"3":{"start":{"line":12,"column":0},"end":{"line":18,"column":null}},"4":{"start":{"line":21,"column":13},"end":{"line":32,"column":null}},"5":{"start":{"line":34,"column":16},"end":{"line":50,"column":null}}},"fnMap":{"0":{"name":"Chart","decl":{"start":{"line":52,"column":24},"end":{"line":52,"column":null}},"loc":{"start":{"line":52,"column":24},"end":{"line":59,"column":null}}}},"branchMap":{},"s":{"0":1,"1":1,"2":1,"3":1,"4":1,"5":1},"f":{"0":1},"b":{}}
,"E:\\Projeto\\NexTraceFinal\\src\\components\\Dashboard.jsx": {"path":"E:\\Projeto\\NexTraceFinal\\src\\components\\Dashboard.jsx","statementMap":{"0":{"start":{"line":1,"column":24},"end":{"line":1,"column":null}}},"fnMap":{"0":{"name":"Dashboard","decl":{"start":{"line":1,"column":24},"end":{"line":1,"column":null}},"loc":{"start":{"line":1,"column":24},"end":{"line":19,"column":null}}}},"branchMap":{},"s":{"0":1},"f":{"0":1},"b":{}}
,"E:\\Projeto\\NexTraceFinal\\src\\components\\Header.jsx": {"path":"E:\\Projeto\\NexTraceFinal\\src\\components\\Header.jsx","statementMap":{"0":{"start":{"line":1,"column":24},"end":{"line":1,"column":null}}},"fnMap":{"0":{"name":"Header","decl":{"start":{"line":1,"column":24},"end":{"line":1,"column":null}},"loc":{"start":{"line":1,"column":24},"end":{"line":8,"column":null}}}},"branchMap":{},"s":{"0":1},"f":{"0":1},"b":{}}
,"E:\\Projeto\\NexTraceFinal\\src\\components\\IdentityStatus.jsx": {"path":"E:\\Projeto\\NexTraceFinal\\src\\components\\IdentityStatus.jsx","statementMap":{"0":{"start":{"line":1,"column":24},"end":{"line":1,"column":null}},"1":{"start":{"line":2,"column":21},"end":{"line":5,"column":null}},"2":{"start":{"line":19,"column":12},"end":{"line":19,"column":32}}},"fnMap":{"0":{"name":"IdentityStatus","decl":{"start":{"line":1,"column":24},"end":{"line":1,"column":null}},"loc":{"start":{"line":1,"column":24},"end":{"line":28,"column":null}}},"1":{"name":"(anonymous_2)","decl":{"start":{"line":18,"column":26},"end":{"line":18,"column":27}},"loc":{"start":{"line":19,"column":12},"end":{"line":19,"column":32}}}},"branchMap":{},"s":{"0":1,"1":1,"2":2},"f":{"0":1,"1":2},"b":{}}
,"E:\\Projeto\\NexTraceFinal\\src\\components\\KPIOverview.jsx": {"path":"E:\\Projeto\\NexTraceFinal\\src\\components\\KPIOverview.jsx","statementMap":{"0":{"start":{"line":1,"column":24},"end":{"line":1,"column":null}},"1":{"start":{"line":2,"column":15},"end":{"line":6,"column":null}},"2":{"start":{"line":13,"column":10},"end":{"line":13,"column":28}}},"fnMap":{"0":{"name":"KPIOverview","decl":{"start":{"line":1,"column":24},"end":{"line":1,"column":null}},"loc":{"start":{"line":1,"column":24},"end":{"line":21,"column":null}}},"1":{"name":"(anonymous_2)","decl":{"start":{"line":12,"column":18},"end":{"line":12,"column":19}},"loc":{"start":{"line":13,"column":10},"end":{"line":13,"column":28}}}},"branchMap":{},"s":{"0":1,"1":1,"2":3},"f":{"0":1,"1":3},"b":{}}
,"E:\\Projeto\\NexTraceFinal\\src\\components\\Recommendations.jsx": {"path":"E:\\Projeto\\NexTraceFinal\\src\\components\\Recommendations.jsx","statementMap":{"0":{"start":{"line":1,"column":24},"end":{"line":1,"column":null}},"1":{"start":{"line":2,"column":15},"end":{"line":6,"column":null}},"2":{"start":{"line":13,"column":10},"end":{"line":13,"column":25}}},"fnMap":{"0":{"name":"Recommendations","decl":{"start":{"line":1,"column":24},"end":{"line":1,"column":null}},"loc":{"start":{"line":1,"column":24},"end":{"line":18,"column":null}}},"1":{"name":"(anonymous_2)","decl":{"start":{"line":12,"column":18},"end":{"line":12,"column":19}},"loc":{"start":{"line":13,"column":10},"end":{"line":13,"column":25}}}},"branchMap":{},"s":{"0":1,"1":1,"2":3},"f":{"0":1,"1":3},"b":{}}
,"E:\\Projeto\\NexTraceFinal\\src\\components\\Sidebar.jsx": {"path":"E:\\Projeto\\NexTraceFinal\\src\\components\\Sidebar.jsx","statementMap":{"0":{"start":{"line":3,"column":24},"end":{"line":3,"column":null}},"1":{"start":{"line":1,"column":17},"end":{"line":1,"column":null}}},"fnMap":{"0":{"name":"Sidebar","decl":{"start":{"line":3,"column":24},"end":{"line":3,"column":null}},"loc":{"start":{"line":3,"column":24},"end":{"line":13,"column":null}}}},"branchMap":{},"s":{"0":3,"1":1},"f":{"0":3},"b":{}}
,"E:\\Projeto\\NexTraceFinal\\src\\components\\TrainingProgress.jsx": {"path":"E:\\Projeto\\NexTraceFinal\\src\\components\\TrainingProgress.jsx","statementMap":{"0":{"start":{"line":1,"column":24},"end":{"line":1,"column":null}},"1":{"start":{"line":2,"column":20},"end":{"line":5,"column":null}},"2":{"start":{"line":12,"column":10},"end":{"line":12,"column":null}}},"fnMap":{"0":{"name":"TrainingProgress","decl":{"start":{"line":1,"column":24},"end":{"line":1,"column":null}},"loc":{"start":{"line":1,"column":24},"end":{"line":25,"column":null}}},"1":{"name":"(anonymous_2)","decl":{"start":{"line":11,"column":23},"end":{"line":11,"column":24}},"loc":{"start":{"line":12,"column":10},"end":{"line":12,"column":null}}}},"branchMap":{},"s":{"0":1,"1":1,"2":2},"f":{"0":1,"1":2},"b":{}}
}
