{"E:\\Projeto\\NexTraceFinal\\src\\App.jsx": {"path":"E:\\Projeto\\NexTraceFinal\\src\\App.jsx","statementMap":{"0":{"start":{"line":7,"column":2},"end":{"line":11,"column":4}}},"fnMap":{"0":{"name":"App","decl":{"start":{"line":6,"column":9},"end":{"line":6,"column":12}},"loc":{"start":{"line":6,"column":15},"end":{"line":12,"column":1}},"line":6}},"branchMap":{},"s":{"0":1},"f":{"0":1},"b":{},"_coverageSchema":"1a1c01bbd47fc00a2c39e90264f33305004495a9","hash":"b9e127bdbee3da4857bc2fc1907664576128e98b"}
,"E:\\Projeto\\NexTraceFinal\\src\\AppTailwindTest.jsx": {"path":"E:\\Projeto\\NexTraceFinal\\src\\AppTailwindTest.jsx","statementMap":{"0":{"start":{"line":3,"column":2},"end":{"line":7,"column":4}}},"fnMap":{"0":{"name":"AppTailwindTest","decl":{"start":{"line":2,"column":9},"end":{"line":2,"column":24}},"loc":{"start":{"line":2,"column":27},"end":{"line":8,"column":1}},"line":2}},"branchMap":{},"s":{"0":1},"f":{"0":1},"b":{},"_coverageSchema":"1a1c01bbd47fc00a2c39e90264f33305004495a9","hash":"4aad48392eef149f481102774e0a8cad09094fbf"}
,"E:\\Projeto\\NexTraceFinal\\src\\main.jsx": {"path":"E:\\Projeto\\NexTraceFinal\\src\\main.jsx","statementMap":{"0":{"start":{"line":6,"column":0},"end":{"line":10,"column":2}}},"fnMap":{},"branchMap":{},"s":{"0":1},"f":{},"b":{},"_coverageSchema":"1a1c01bbd47fc00a2c39e90264f33305004495a9","hash":"e9c4154a36d463ea803d98d5f7d5a532ca0b87e7"}
,"E:\\Projeto\\NexTraceFinal\\src\\components\\AlertsTable.jsx": {"path":"E:\\Projeto\\NexTraceFinal\\src\\components\\AlertsTable.jsx","statementMap":{"0":{"start":{"line":3,"column":17},"end":{"line":6,"column":3}},"1":{"start":{"line":8,"column":2},"end":{"line":30,"column":4}},"2":{"start":{"line":21,"column":12},"end":{"line":25,"column":17}}},"fnMap":{"0":{"name":"AlertsTable","decl":{"start":{"line":2,"column":9},"end":{"line":2,"column":20}},"loc":{"start":{"line":2,"column":23},"end":{"line":31,"column":1}},"line":2},"1":{"name":"(anonymous_1)","decl":{"start":{"line":20,"column":22},"end":{"line":20,"column":23}},"loc":{"start":{"line":21,"column":12},"end":{"line":25,"column":17}},"line":21}},"branchMap":{},"s":{"0":1,"1":1,"2":2},"f":{"0":1,"1":2},"b":{},"_coverageSchema":"1a1c01bbd47fc00a2c39e90264f33305004495a9","hash":"980d28e9b1d2378757b7774915eea8efe9d2d9e5"}
,"E:\\Projeto\\NexTraceFinal\\src\\components\\Header.jsx": {"path":"E:\\Projeto\\NexTraceFinal\\src\\components\\Header.jsx","statementMap":{"0":{"start":{"line":4,"column":2},"end":{"line":4,"column":32}}},"fnMap":{"0":{"name":"MeuComponente","decl":{"start":{"line":3,"column":24},"end":{"line":3,"column":37}},"loc":{"start":{"line":3,"column":40},"end":{"line":5,"column":1}},"line":3}},"branchMap":{},"s":{"0":1},"f":{"0":1},"b":{},"_coverageSchema":"1a1c01bbd47fc00a2c39e90264f33305004495a9","hash":"fe8e630d680f358bf6a6fa612a8027e8f106605f"}
,"E:\\Projeto\\NexTraceFinal\\src\\components\\IdentityStatus.jsx": {"path":"E:\\Projeto\\NexTraceFinal\\src\\components\\IdentityStatus.jsx","statementMap":{"0":{"start":{"line":3,"column":2},"end":{"line":11,"column":4}}},"fnMap":{"0":{"name":"IdentityStatus","decl":{"start":{"line":2,"column":9},"end":{"line":2,"column":23}},"loc":{"start":{"line":2,"column":26},"end":{"line":12,"column":1}},"line":2}},"branchMap":{},"s":{"0":1},"f":{"0":1},"b":{},"_coverageSchema":"1a1c01bbd47fc00a2c39e90264f33305004495a9","hash":"3e49ee9763f22e4d8242828476659e8d30941984"}
,"E:\\Projeto\\NexTraceFinal\\src\\components\\KPIOverview.jsx": {"path":"E:\\Projeto\\NexTraceFinal\\src\\components\\KPIOverview.jsx","statementMap":{"0":{"start":{"line":3,"column":15},"end":{"line":7,"column":3}},"1":{"start":{"line":9,"column":2},"end":{"line":18,"column":4}},"2":{"start":{"line":12,"column":8},"end":{"line":15,"column":14}}},"fnMap":{"0":{"name":"KPIOverview","decl":{"start":{"line":2,"column":9},"end":{"line":2,"column":20}},"loc":{"start":{"line":2,"column":23},"end":{"line":19,"column":1}},"line":2},"1":{"name":"(anonymous_1)","decl":{"start":{"line":11,"column":16},"end":{"line":11,"column":17}},"loc":{"start":{"line":12,"column":8},"end":{"line":15,"column":14}},"line":12}},"branchMap":{},"s":{"0":1,"1":1,"2":3},"f":{"0":1,"1":3},"b":{},"_coverageSchema":"1a1c01bbd47fc00a2c39e90264f33305004495a9","hash":"178ed424e31011ab9cf856f6446dca26edb1b4ab"}
,"E:\\Projeto\\NexTraceFinal\\src\\components\\Recommendations.jsx": {"path":"E:\\Projeto\\NexTraceFinal\\src\\components\\Recommendations.jsx","statementMap":{"0":{"start":{"line":3,"column":18},"end":{"line":7,"column":3}},"1":{"start":{"line":9,"column":2},"end":{"line":20,"column":4}},"2":{"start":{"line":14,"column":10},"end":{"line":16,"column":15}}},"fnMap":{"0":{"name":"Recommendations","decl":{"start":{"line":2,"column":9},"end":{"line":2,"column":24}},"loc":{"start":{"line":2,"column":27},"end":{"line":21,"column":1}},"line":2},"1":{"name":"(anonymous_1)","decl":{"start":{"line":13,"column":21},"end":{"line":13,"column":22}},"loc":{"start":{"line":14,"column":10},"end":{"line":16,"column":15}},"line":14}},"branchMap":{},"s":{"0":1,"1":1,"2":3},"f":{"0":1,"1":3},"b":{},"_coverageSchema":"1a1c01bbd47fc00a2c39e90264f33305004495a9","hash":"c0ea187de93228f59c17d6bbf866a2590b43f3f6"}
,"E:\\Projeto\\NexTraceFinal\\src\\components\\Sidebar.jsx": {"path":"E:\\Projeto\\NexTraceFinal\\src\\components\\Sidebar.jsx","statementMap":{"0":{"start":{"line":6,"column":2},"end":{"line":26,"column":4}}},"fnMap":{"0":{"name":"Sidebar","decl":{"start":{"line":5,"column":9},"end":{"line":5,"column":16}},"loc":{"start":{"line":5,"column":19},"end":{"line":27,"column":1}},"line":5}},"branchMap":{},"s":{"0":1},"f":{"0":1},"b":{},"_coverageSchema":"1a1c01bbd47fc00a2c39e90264f33305004495a9","hash":"23e48384fe1c9f11aec52b898b7a2e2a8e5ec5e3"}
,"E:\\Projeto\\NexTraceFinal\\src\\components\\TrainingProgress.jsx": {"path":"E:\\Projeto\\NexTraceFinal\\src\\components\\TrainingProgress.jsx","statementMap":{"0":{"start":{"line":5,"column":15},"end":{"line":14,"column":3}},"1":{"start":{"line":16,"column":2},"end":{"line":21,"column":4}}},"fnMap":{"0":{"name":"TrainingProgress","decl":{"start":{"line":4,"column":9},"end":{"line":4,"column":25}},"loc":{"start":{"line":4,"column":28},"end":{"line":22,"column":1}},"line":4}},"branchMap":{},"s":{"0":1,"1":1},"f":{"0":1},"b":{},"_coverageSchema":"1a1c01bbd47fc00a2c39e90264f33305004495a9","hash":"791c36aa814cb41b7d10c904fda7ab5929315385"}
,"E:\\Projeto\\NexTraceFinal\\src\\pages\\Dashboard.jsx": {"path":"E:\\Projeto\\NexTraceFinal\\src\\pages\\Dashboard.jsx","statementMap":{"0":{"start":{"line":12,"column":2},"end":{"line":16,"column":4}}},"fnMap":{"0":{"name":"Dashboard","decl":{"start":{"line":11,"column":9},"end":{"line":11,"column":18}},"loc":{"start":{"line":11,"column":21},"end":{"line":17,"column":1}},"line":11}},"branchMap":{},"s":{"0":1},"f":{"0":1},"b":{},"_coverageSchema":"1a1c01bbd47fc00a2c39e90264f33305004495a9","hash":"b0d98c4f73ad24bbae111a7f8855b800acae0c93"}
}
