TN:
SF:src\components\AlertsTable.jsx
FN:1,AlertsTable
FN:19,(anonymous_2)
FNF:2
FNH:2
FNDA:2,AlertsTable
FNDA:4,(anonymous_2)
DA:1,2
DA:2,2
DA:20,4
LF:3
LH:3
BRF:0
BRH:0
end_of_record
TN:
SF:src\components\Chart.jsx
FN:52,Chart
FNF:1
FNH:1
FNDA:1,Chart
DA:1,1
DA:10,1
DA:12,1
DA:21,1
DA:34,1
DA:52,1
LF:6
LH:6
BRF:0
BRH:0
end_of_record
TN:
SF:src\components\Dashboard.jsx
FN:1,Dashboard
FNF:1
FNH:1
FNDA:1,Dashboard
DA:1,1
LF:1
LH:1
BRF:0
BRH:0
end_of_record
TN:
SF:src\components\Header.jsx
FN:1,Header
FNF:1
FNH:1
FNDA:1,Header
DA:1,1
LF:1
LH:1
BRF:0
BRH:0
end_of_record
TN:
SF:src\components\IdentityStatus.jsx
FN:1,IdentityStatus
FN:18,(anonymous_2)
FNF:2
FNH:2
FNDA:1,IdentityStatus
FNDA:2,(anonymous_2)
DA:1,1
DA:2,1
DA:19,2
LF:3
LH:3
BRF:0
BRH:0
end_of_record
TN:
SF:src\components\KPIOverview.jsx
FN:1,KPIOverview
FN:12,(anonymous_2)
FNF:2
FNH:2
FNDA:1,KPIOverview
FNDA:3,(anonymous_2)
DA:1,1
DA:2,1
DA:13,3
LF:3
LH:3
BRF:0
BRH:0
end_of_record
TN:
SF:src\components\Recommendations.jsx
FN:1,Recommendations
FN:12,(anonymous_2)
FNF:2
FNH:2
FNDA:1,Recommendations
FNDA:3,(anonymous_2)
DA:1,1
DA:2,1
DA:13,3
LF:3
LH:3
BRF:0
BRH:0
end_of_record
TN:
SF:src\components\Sidebar.jsx
FN:3,Sidebar
FNF:1
FNH:1
FNDA:3,Sidebar
DA:1,1
DA:3,3
LF:2
LH:2
BRF:0
BRH:0
end_of_record
TN:
SF:src\components\TrainingProgress.jsx
FN:1,TrainingProgress
FN:11,(anonymous_2)
FNF:2
FNH:2
FNDA:1,TrainingProgress
FNDA:2,(anonymous_2)
DA:1,1
DA:2,1
DA:12,2
LF:3
LH:3
BRF:0
BRH:0
end_of_record
