TN:
SF:src\App.jsx
FN:6,App
FNF:1
FNH:1
FNDA:1,App
DA:7,1
LF:1
LH:1
BRF:0
BRH:0
end_of_record
TN:
SF:src\AppTailwindTest.jsx
FN:2,AppTailwindTest
FNF:1
FNH:1
FNDA:1,AppTailwindTest
DA:3,1
LF:1
LH:1
BRF:0
BRH:0
end_of_record
TN:
SF:src\main.jsx
FNF:0
FNH:0
DA:6,1
LF:1
LH:1
BRF:0
BRH:0
end_of_record
TN:
SF:src\components\AlertsTable.jsx
FN:2,AlertsTable
FN:20,(anonymous_1)
FNF:2
FNH:2
FNDA:1,AlertsTable
FNDA:2,(anonymous_1)
DA:3,1
DA:8,1
DA:21,2
LF:3
LH:3
BRF:0
BRH:0
end_of_record
TN:
SF:src\components\Header.jsx
FN:3,MeuComponente
FNF:1
FNH:1
FNDA:1,MeuComponente
DA:4,1
LF:1
LH:1
BRF:0
BRH:0
end_of_record
TN:
SF:src\components\IdentityStatus.jsx
FN:2,IdentityStatus
FNF:1
FNH:1
FNDA:1,IdentityStatus
DA:3,1
LF:1
LH:1
BRF:0
BRH:0
end_of_record
TN:
SF:src\components\KPIOverview.jsx
FN:2,KPIOverview
FN:11,(anonymous_1)
FNF:2
FNH:2
FNDA:1,KPIOverview
FNDA:3,(anonymous_1)
DA:3,1
DA:9,1
DA:12,3
LF:3
LH:3
BRF:0
BRH:0
end_of_record
TN:
SF:src\components\Recommendations.jsx
FN:2,Recommendations
FN:13,(anonymous_1)
FNF:2
FNH:2
FNDA:1,Recommendations
FNDA:3,(anonymous_1)
DA:3,1
DA:9,1
DA:14,3
LF:3
LH:3
BRF:0
BRH:0
end_of_record
TN:
SF:src\components\Sidebar.jsx
FN:5,Sidebar
FNF:1
FNH:1
FNDA:1,Sidebar
DA:6,1
LF:1
LH:1
BRF:0
BRH:0
end_of_record
TN:
SF:src\components\TrainingProgress.jsx
FN:4,TrainingProgress
FNF:1
FNH:1
FNDA:1,TrainingProgress
DA:5,1
DA:16,1
LF:2
LH:2
BRF:0
BRH:0
end_of_record
TN:
SF:src\pages\Dashboard.jsx
FN:11,Dashboard
FNF:1
FNH:1
FNDA:1,Dashboard
DA:12,1
LF:1
LH:1
BRF:0
BRH:0
end_of_record
